11_Orderista/SourceCode/Orderista/Orderista/build/app/outputs/mapping/release/seeds.txt
com.example.orderista.MainActivity
com.example.orderista.MainActivity: MainActivity()
...
androidx.appcompat.widget.AppCompatSpinner: void setAdapter(android.widget.Adapter)
androidx.appcompat.app.AppCompatViewInflater: int[] sOnClickAttrs
androidx.appcompat.widget.AppCompatTextView: void setLineHeight(int)
io.flutter.embedding.engine.systemchannels.PlatformChannel$DeviceOrientation: io.flutter.embedding.engine.systemchannels.PlatformChannel$DeviceOrientation[] values()
androidx.appcompat.widget.AbsActionBarView: void setVisibility(int)
androidx.appcompat.app.AppCompatViewInflater: android.view.View createView(android.view.View,java.lang.String,android.content.Context,android.util.AttributeSet,boolean,boolean,boolean,boolean)
io.flutter.embedding.engine.systemchannels.PlatformChannel$Brightness: io.flutter.embedding.engine.systemchannels.PlatformChannel$Brightness valueOf(java.lang.String)
com.google.android.gms.internal.vision.zzea$zzo: com.google.android.gms.internal.vision.zzea$zzk zzqa
io.flutter.plugin.editing.ImeSyncDeferringInsetsCallback: boolean access$200(io.flutter.plugin.editing.ImeSyncDeferringInsetsCallback)
com.google.android.gms.flags.impl.FlagProviderImpl: boolean getBooleanFlagValue(java.lang.String,boolean,int)
androidx.appcompat.widget.SearchView: void setAppSearchData(android.os.Bundle)
io.flutter.plugin.platform.SingleViewPresentation: io.flutter.plugin.platform.PlatformViewFactory viewFactory
androidx.core.app.RemoteActionCompat
androidx.appcompat.widget.ContentFrameLayout: android.util.TypedValue getFixedHeightMinor()
androidx.appcompat.widget.ActionBarContextView: java.lang.CharSequence getTitle()
com.google.android.gms.internal.vision.zzea$zzn
android.support.v4.media.session.MediaSessionCompat$QueueItem: android.os.Parcelable$Creator CREATOR
androidx.appcompat.widget.AppCompatImageButton: android.content.res.ColorStateList getSupportBackgroundTintList()
androidx.appcompat.widget.AppCompatMultiAutoCompleteTextView
androidx.appcompat.widget.Toolbar: void setTitle(java.lang.CharSequence)
com.google.android.material.circularreveal.cardview.CircularRevealCardView: int getCircularRevealScrimColor()
io.flutter.embedding.engine.FlutterJNI: void dispatchSemanticsAction(int,io.flutter.view.AccessibilityBridge$Action)
com.google.android.gms.internal.clearcut.zzge$zzs: com.google.android.gms.internal.clearcut.zzdz zzbg
com.amolg.flutterbarcodescanner.camera.CameraSourcePreview
androidx.recyclerview.widget.RecyclerView
com.google.android.material.button.MaterialButton: void setBackgroundDrawable(android.graphics.drawable.Drawable)
com.google.android.material.internal.ForegroundLinearLayout: void setForegroundGravity(int)
com.google.android.gms.internal.vision.zzgs: com.google.android.gms.internal.vision.zzjm zzwd
androidx.vectordrawable.graphics.drawable.VectorDrawableCompat$VPath: java.lang.String getPathName()
io.flutter.embedding.engine.FlutterJNI: void unregisterTexture(long)
com.amolg.flutterbarcodescanner.BarcodeCaptureActivity
androidx.appcompat.widget.ActionBarOverlayLayout: void setActionBarHideOffset(int)
androidx.media.AudioAttributesCompatParcelizer: androidx.media.AudioAttributesCompat read(androidx.versionedparcelable.VersionedParcel)
com.google.android.gms.internal.vision.zzea$zzo: int zzqc
androidx.lifecycle.Lifecycle$Event: androidx.lifecycle.Lifecycle$Event ON_DESTROY
android.support.v4.app.RemoteActionCompatParcelizer
com.google.android.material.bottomappbar.BottomAppBar: void setFabCradleRoundedCornerRadius(float)
com.google.android.material.internal.ForegroundLinearLayout
androidx.appcompat.widget.AppCompatCheckedTextView: void setCheckMarkDrawable(int)
androidx.recyclerview.widget.RecyclerView: boolean getClipToPadding()
androidx.vectordrawable.graphics.drawable.VectorDrawableCompat$VFullPath: void setStrokeWidth(float)
io.flutter.plugin.editing.ImeSyncDeferringInsetsCallback: android.view.WindowInsetsAnimation$Callback getAnimationCallback()
androidx.appcompat.widget.AppCompatEditText: void setBackgroundDrawable(android.graphics.drawable.Drawable)