11_Orderista/SourceCode/Orderista/Orderista/build/app/outputs/mapping/release/mapping.txt
# compiler: R8
# compiler_version: 2.1.62
# min_api: 19
# pg_map_id: 47a7b43
# common_typos_disable
...
io.flutter.embedding.android.RenderMode -> io.flutter.embedding.android.m:
    io.flutter.embedding.android.RenderMode surface -> b
    io.flutter.embedding.android.RenderMode texture -> c
    io.flutter.embedding.android.RenderMode image -> d
    io.flutter.embedding.android.RenderMode[] $VALUES -> e
io.flutter.embedding.android.SplashScreen -> io.flutter.embedding.android.o:
    void transitionToFlutter(java.lang.Runnable) -> a
    boolean doesSplashViewRememberItsTransition() -> b
    android.view.View createSplashView(android.content.Context,android.os.Bundle) -> c
    android.os.Bundle saveSplashScreenState() -> d
io.flutter.embedding.android.SplashScreen$-CC -> io.flutter.embedding.android.n:
    boolean io.flutter.embedding.android.SplashScreen.doesSplashViewRememberItsTransition() -> a
    android.os.Bundle io.flutter.embedding.android.SplashScreen.saveSplashScreenState() -> b
io.flutter.embedding.android.TransparencyMode -> io.flutter.embedding.android.p:
    io.flutter.embedding.android.TransparencyMode[] $VALUES -> d
    io.flutter.embedding.android.TransparencyMode opaque -> b
    io.flutter.embedding.android.TransparencyMode transparent -> c
io.flutter.embedding.engine.FlutterEngine -> io.flutter.embedding.engine.a:
    io.flutter.embedding.engine.systemchannels.RestorationChannel restorationChannel -> m
    io.flutter.embedding.engine.dart.DartExecutor dartExecutor -> c
    io.flutter.embedding.engine.systemchannels.LifecycleChannel lifecycleChannel -> i
    io.flutter.embedding.engine.systemchannels.LocalizationChannel localizationChannel -> j
    java.util.Set engineLifecycleListeners -> s
    io.flutter.embedding.engine.FlutterEngine$EngineLifecycleListener engineLifecycleListener -> t
    io.flutter.embedding.engine.systemchannels.AccessibilityChannel accessibilityChannel -> f
    io.flutter.embedding.engine.systemchannels.KeyEventChannel keyEventChannel -> h
    io.flutter.embedding.engine.systemchannels.DeferredComponentChannel deferredComponentChannel -> g
    io.flutter.embedding.engine.systemchannels.NavigationChannel navigationChannel -> l
    io.flutter.embedding.engine.systemchannels.TextInputChannel textInputChannel -> q
    io.flutter.embedding.engine.FlutterEngineConnectionRegistry pluginRegistry -> d
    io.flutter.embedding.engine.FlutterJNI flutterJNI -> a
    io.flutter.embedding.engine.systemchannels.MouseCursorChannel mouseCursorChannel -> k
    io.flutter.embedding.engine.systemchannels.SettingsChannel settingsChannel -> o
    io.flutter.plugin.localization.LocalizationPlugin localizationPlugin -> e
    io.flutter.embedding.engine.systemchannels.SystemChannel systemChannel -> p
io.flutter.embedding.engine.FlutterEngine$1 -> io.flutter.embedding.engine.a$a:
    io.flutter.embedding.engine.FlutterEngine this$0 -> a
    void onPreEngineRestart() -> a
    void onEngineWillDestroy() -> b
io.flutter.embedding.engine.FlutterEngine$EngineLifecycleListener -> io.flutter.embedding.engine.a$b:
    void onPreEngineRestart() -> a
    void onEngineWillDestroy() -> b
io.flutter.embedding.engine.FlutterEngineCache -> io.flutter.embedding.engine.b:
    java.util.Map cachedEngines -> a
    io.flutter.embedding.engine.FlutterEngineCache instance -> b
    io.flutter.embedding.engine.FlutterEngine get(java.lang.String) -> a
    io.flutter.embedding.engine.FlutterEngineCache getInstance() -> b
    void put(java.lang.String,io.flutter.embedding.engine.FlutterEngine) -> c
    void remove(java.lang.String) -> d