11_Orderista/SourceCode/Orderista/Orderista/build/app/outputs/mapping/release/usage.txt
com.example.orderista.R$color
com.example.orderista.R$drawable
com.example.orderista.R
com.example.orderista.R$dimen
com.example.orderista.R$animator
com.example.orderista.R$style
com.example.orderista.R$layout
com.example.orderista.R$id
com.example.orderista.R$integer
com.example.orderista.R$mipmap
com.example.orderista.R$anim
com.example.orderista.R$raw
com.example.orderista.R$styleable
com.example.orderista.R$interpolator
com.example.orderista.BuildConfig
com.example.orderista.R$string
com.example.orderista.R$bool
com.example.orderista.R$attr
...
androidx.core.view.MenuCompat
com.google.android.gms.tasks.zzm
io.flutter.plugin.common.ActivityLifecycleListener
io.socket.emitter.Emitter:
    public java.util.List listeners(java.lang.String)
    public boolean hasListeners(java.lang.String)
androidx.lifecycle.Transformations
androidx.customview.R$integer
androidx.recyclerview.widget.MessageThreadUtil
androidx.cardview.R$dimen
com.google.android.gms.vision.face.Landmark
androidx.core.app.TaskStackBuilder:
    public static androidx.core.app.TaskStackBuilder from(android.content.Context)
    public androidx.core.app.TaskStackBuilder addNextIntentWithParentStack(android.content.Intent)
    public androidx.core.app.TaskStackBuilder addParentStack(java.lang.Class)
    public int getIntentCount()
    public android.content.Intent getIntent(int)
    public android.content.Intent editIntentAt(int)
    public android.app.PendingIntent getPendingIntent(int,int)
    public android.app.PendingIntent getPendingIntent(int,int,android.os.Bundle)
    public android.content.Intent[] getIntents()
    private static final java.lang.String TAG
io.socket.engineio.parser.Buffer:
    private void <init>()
androidx.recyclerview.widget.ViewBoundsCheck:
    static final int GT
    static final int EQ
    static final int LT
    static final int CVS_PVS_POS
    static final int FLAG_CVS_GT_PVS
    static final int FLAG_CVS_EQ_PVS
    static final int FLAG_CVS_LT_PVS
    static final int CVS_PVE_POS
    static final int FLAG_CVS_GT_PVE
    static final int FLAG_CVS_EQ_PVE
    static final int FLAG_CVS_LT_PVE
    static final int CVE_PVS_POS
    static final int FLAG_CVE_GT_PVS
    static final int FLAG_CVE_EQ_PVS
    static final int FLAG_CVE_LT_PVS
    static final int CVE_PVE_POS
    static final int FLAG_CVE_GT_PVE
    static final int FLAG_CVE_EQ_PVE
    static final int FLAG_CVE_LT_PVE
    static final int MASK
com.google.android.gms.auth.api.signin.GoogleSignIn
androidx.recyclerview.R$integer
kotlin.random.KotlinRandom
androidx.loader.R$dimen
kotlin.ranges.ClosedFloatingPointRange
com.google.android.gms.internal.auth.zzae
com.google.android.gms.vision.Detector:
    public boolean setFocus(int)
com.google.android.gms.internal.vision.zzea$zzh:
    private final void zzm(float)
    private final void zzn(float)
    private final void zzo(float)
    private final void zzp(float)
    private final void zzq(float)
    private final void zzr(float)
    public static com.google.android.gms.internal.vision.zzea$zzh$zza zzcu()
    static synthetic void zza(com.google.android.gms.internal.vision.zzea$zzh,float)
    static synthetic void zzb(com.google.android.gms.internal.vision.zzea$zzh,float)
    static synthetic void zzc(com.google.android.gms.internal.vision.zzea$zzh,float)
    static synthetic void zzd(com.google.android.gms.internal.vision.zzea$zzh,float)
    static synthetic void zze(com.google.android.gms.internal.vision.zzea$zzh,float)
    static synthetic void zzf(com.google.android.gms.internal.vision.zzea$zzh,float)
com.google.android.gms.common.data.DataBufferSafeParcelable
kotlin.jvm.internal.Ref$DoubleRef
androidx.media.MediaBrowserServiceCompatApi23$ServiceCompatProxy
okhttp3.internal.cache.DiskLruCache$Entry
okio.Okio:
    public static okio.Sink sink(java.io.OutputStream)
    public static okio.Source source(java.io.File)
    public static varargs okio.Source source(java.nio.file.Path,java.nio.file.OpenOption[])
    public static okio.Sink sink(java.io.File)
    public static okio.Sink appendingSink(java.io.File)
    public static varargs okio.Sink sink(java.nio.file.Path,java.nio.file.OpenOption[])
    public static okio.Sink blackhole()
com.google.android.material.bottomsheet.BottomSheetBehavior$State
androidx.media.AudioAttributesCompat$Builder
com.google.android.gms.base.R$string:
    private void <init>()
    public static final int common_signin_button_text
    public static final int common_signin_button_text_long
kotlin.jvm.internal.MutablePropertyReference2